#
# There is insufficient memory for the Java Runtime Environment to continue.
# Native memory allocation (mmap) failed to map 268435456 bytes for G1 virtual space
# Possible reasons:
#   The system is out of physical RAM or swap space
#   The process is running with CompressedOops enabled, and the Java Heap may be blocking the growth of the native heap
# Possible solutions:
#   Reduce memory load on the system
#   Increase physical memory or swap space
#   Check if swap backing store is full
#   Decrease Java heap size (-Xmx/-Xms)
#   Decrease number of Java threads
#   Decrease Java thread stack sizes (-Xss)
#   Set larger code cache with -XX:ReservedCodeCacheSize=
#   JVM is running with Zero Based Compressed Oops mode in which the Java heap is
#     placed in the first 32GB address space. The Java Heap base address is the
#     maximum limit for the native heap growth. Please use -XX:HeapBaseMinAddress
#     to set the Java Heap base and to place the Java Heap above 32GB virtual address.
# This output file may be truncated or incomplete.
#
#  Out of Memory Error (os_windows.cpp:3527), pid=20972, tid=32520
#
# JRE version:  (19.0.1+10) (build )
# Java VM: Java HotSpot(TM) 64-Bit Server VM (19.0.1+10-21, mixed mode, sharing, tiered, compressed oops, compressed class ptrs, g1 gc, windows-amd64)
# No core dump will be written. Minidumps are not enabled by default on client versions of Windows
#

---------------  S U M M A R Y ------------

Command Line: -XX:+ShowCodeDetailsInExceptionMessages App

Host: AMD Ryzen 5 3600X 6-Core Processor             , 12 cores, 15G,  Windows 10 , 64 bit Build 19041 (10.0.19041.3570)
Time: Wed Nov 15 14:59:20 2023 Västeuropa, normaltid elapsed time: 0.007986 seconds (0d 0h 0m 0s)

---------------  T H R E A D  ---------------

Current thread (0x000002c5cd25c450):  JavaThread "Unknown thread" [_thread_in_vm, id=32520, stack(0x000000ee11100000,0x000000ee11200000)]

Stack: [0x000000ee11100000,0x000000ee11200000]
Native frames: (J=compiled Java code, j=interpreted, Vv=VM code, C=native code)
V  [jvm.dll+0x6ee8fa]
V  [jvm.dll+0x857a1e]
V  [jvm.dll+0x85940e]
V  [jvm.dll+0x859ac3]
V  [jvm.dll+0x28291f]
V  [jvm.dll+0x6eb6e9]
V  [jvm.dll+0x6e028a]
V  [jvm.dll+0x357136]
V  [jvm.dll+0x35eb96]
V  [jvm.dll+0x3b555e]
V  [jvm.dll+0x3b578f]
V  [jvm.dll+0x32c6ea]
V  [jvm.dll+0x32d59e]
V  [jvm.dll+0x821b20]
V  [jvm.dll+0x3c27c1]
V  [jvm.dll+0x8022f1]
V  [jvm.dll+0x44b30f]
V  [jvm.dll+0x44cc91]
C  [jli.dll+0x5287]
C  [ucrtbase.dll+0x21bb2]
C  [KERNEL32.DLL+0x17344]
C  [ntdll.dll+0x526b1]


---------------  P R O C E S S  ---------------

Threads class SMR info:
_java_thread_list=0x00007ffa58ead048, length=0, elements={
}

Java Threads: ( => current thread )

Other Threads:
  0x000002c5cd2cbee0 WorkerThread "GC Thread#0" [stack: 0x000000ee11200000,0x000000ee11300000] [id=27396]
  0x000002c5cd2dcdc0 ConcurrentGCThread "G1 Main Marker" [stack: 0x000000ee11300000,0x000000ee11400000] [id=29660]
  0x000002c5cd2deeb0 WorkerThread "G1 Conc#0" [stack: 0x000000ee11400000,0x000000ee11500000] [id=32040]

[error occurred during error reporting (printing all threads), id 0xc0000005, EXCEPTION_ACCESS_VIOLATION (0xc0000005) at pc=0x00007ffa5866d127]

VM state: not at safepoint (not fully initialized)

VM Mutex/Monitor currently owned by a thread:  ([mutex/lock_event])
[0x000002c5cd255cf0] Heap_lock - owner thread: 0x000002c5cd25c450

Heap address: 0x0000000701200000, size: 4078 MB, Compressed Oops mode: Zero based, Oop shift amount: 3

CDS archive(s) mapped at: [0x0000000000000000-0x0000000000000000-0x0000000000000000), size 0, SharedBaseAddress: 0x0000000800000000, ArchiveRelocationMode: 0.
Narrow klass base: 0x0000000000000000, Narrow klass shift: 0, Narrow klass range: 0x0

GC Precious Log:
 CardTable entry size: 512
 Card Set container configuration: InlinePtr #cards 4 size 8 Array Of Cards #cards 16 size 48 Howl #buckets 8 coarsen threshold 3686 Howl Bitmap #cards 512 size 80 coarsen threshold 460 Card regions per heap region 1 cards per card region 4096

Heap:
 garbage-first heap   total 0K, used 0K [0x0000000701200000, 0x0000000800000000)
  region size 2048K, 0 young (0K), 0 survivors (0K)

[error occurred during error reporting (printing heap information), id 0xc0000005, EXCEPTION_ACCESS_VIOLATION (0xc0000005) at pc=0x00007ffa58a76959]

GC Heap History (0 events):
No events

Dll operation events (1 events):
Event: 0.005 Loaded shared library C:\Program Files\Java\jdk-19\bin\java.dll

Deoptimization events (0 events):
No events

Classes loaded (0 events):
No events

Classes unloaded (0 events):
No events

Classes redefined (0 events):
No events

Internal exceptions (0 events):
No events

VM Operations (0 events):
No events

Events (0 events):
No events


Dynamic libraries:
0x00007ff62cda0000 - 0x00007ff62cdb0000 	C:\Program Files\Java\jdk-19\bin\java.exe
0x00007ffaac690000 - 0x00007ffaac887000 	C:\WINDOWS\SYSTEM32\ntdll.dll
0x00007ffaac120000 - 0x00007ffaac1dd000 	C:\WINDOWS\System32\KERNEL32.DLL
0x00007ffaa9d70000 - 0x00007ffaaa066000 	C:\WINDOWS\System32\KERNELBASE.dll
0x00007ffaaa260000 - 0x00007ffaaa360000 	C:\WINDOWS\System32\ucrtbase.dll
0x00007ffa7a340000 - 0x00007ffa7a35b000 	C:\Program Files\Java\jdk-19\bin\VCRUNTIME140.dll
0x00007ffa7a320000 - 0x00007ffa7a338000 	C:\Program Files\Java\jdk-19\bin\jli.dll
0x00007ffaabe70000 - 0x00007ffaabf1e000 	C:\WINDOWS\System32\ADVAPI32.dll
0x00007ffaab960000 - 0x00007ffaab9fe000 	C:\WINDOWS\System32\msvcrt.dll
0x00007ffaabdd0000 - 0x00007ffaabe6c000 	C:\WINDOWS\System32\sechost.dll
0x00007ffaac1e0000 - 0x00007ffaac306000 	C:\WINDOWS\System32\RPCRT4.dll
0x00007ffaaa840000 - 0x00007ffaaa9de000 	C:\WINDOWS\System32\USER32.dll
0x00007ffa953b0000 - 0x00007ffa9564a000 	C:\WINDOWS\WinSxS\amd64_microsoft.windows.common-controls_6595b64144ccf1df_6.0.19041.3570_none_60bb2a3971f3e41a\COMCTL32.dll
0x00007ffaaa360000 - 0x00007ffaaa382000 	C:\WINDOWS\System32\win32u.dll
0x00007ffaab8a0000 - 0x00007ffaab8cc000 	C:\WINDOWS\System32\GDI32.dll
0x00007ffaaa4a0000 - 0x00007ffaaa5ba000 	C:\WINDOWS\System32\gdi32full.dll
0x00007ffaaa400000 - 0x00007ffaaa49d000 	C:\WINDOWS\System32\msvcp_win.dll
0x00007ffaa3ab0000 - 0x00007ffaa3aba000 	C:\WINDOWS\SYSTEM32\VERSION.dll
0x00007ffaaa6f0000 - 0x00007ffaaa720000 	C:\WINDOWS\System32\IMM32.DLL
0x00007ffa9ffa0000 - 0x00007ffa9ffac000 	C:\Program Files\Java\jdk-19\bin\vcruntime140_1.dll
0x00007ffa7a1d0000 - 0x00007ffa7a25e000 	C:\Program Files\Java\jdk-19\bin\msvcp140.dll
0x00007ffa58330000 - 0x00007ffa58ff0000 	C:\Program Files\Java\jdk-19\bin\server\jvm.dll
0x00007ffa9ef30000 - 0x00007ffa9ef39000 	C:\WINDOWS\SYSTEM32\WSOCK32.dll
0x00007ffaa3000000 - 0x00007ffaa3027000 	C:\WINDOWS\SYSTEM32\WINMM.dll
0x00007ffaaba00000 - 0x00007ffaaba6b000 	C:\WINDOWS\System32\WS2_32.dll
0x00007ffaa7c30000 - 0x00007ffaa7c42000 	C:\WINDOWS\SYSTEM32\kernel.appcore.dll
0x00007ffa8b130000 - 0x00007ffa8b13a000 	C:\Program Files\Java\jdk-19\bin\jimage.dll
0x00007ffa96690000 - 0x00007ffa96874000 	C:\WINDOWS\SYSTEM32\DBGHELP.DLL
0x00007ffa914f0000 - 0x00007ffa91524000 	C:\WINDOWS\SYSTEM32\dbgcore.DLL
0x00007ffaaa070000 - 0x00007ffaaa0f2000 	C:\WINDOWS\System32\bcryptPrimitives.dll
0x00007ffa7a390000 - 0x00007ffa7a3b6000 	C:\Program Files\Java\jdk-19\bin\java.dll

dbghelp: loaded successfully - version: 4.0.5 - missing functions: none
symbol engine: initialized successfully - sym options: 0x614 - pdb path: .;C:\Program Files\Java\jdk-19\bin;C:\WINDOWS\SYSTEM32;C:\WINDOWS\WinSxS\amd64_microsoft.windows.common-controls_6595b64144ccf1df_6.0.19041.3570_none_60bb2a3971f3e41a;C:\Program Files\Java\jdk-19\bin\server

VM Arguments:
jvm_args: -XX:+ShowCodeDetailsInExceptionMessages 
java_command: App
java_class_path (initial): C:\Users\jacob\AppData\Roaming\Code\User\workspaceStorage\15f434d9e78a6f88ad1344916aaf7f98\redhat.java\jdt_ws\multifabriken-jaken1234_ca21a0a1\bin
Launcher Type: SUN_STANDARD

[Global flags]
     intx CICompilerCount                          = 4                                         {product} {ergonomic}
     uint ConcGCThreads                            = 3                                         {product} {ergonomic}
     uint G1ConcRefinementThreads                  = 10                                        {product} {ergonomic}
   size_t G1HeapRegionSize                         = 2097152                                   {product} {ergonomic}
    uintx GCDrainStackTargetSize                   = 64                                        {product} {ergonomic}
   size_t InitialHeapSize                          = 268435456                                 {product} {ergonomic}
   size_t MarkStackSize                            = 4194304                                   {product} {ergonomic}
   size_t MaxHeapSize                              = 4276092928                                {product} {ergonomic}
   size_t MinHeapDeltaBytes                        = 2097152                                   {product} {ergonomic}
   size_t MinHeapSize                              = 8388608                                   {product} {ergonomic}
    uintx NonNMethodCodeHeapSize                   = 5839372                                {pd product} {ergonomic}
    uintx NonProfiledCodeHeapSize                  = 122909434                              {pd product} {ergonomic}
    uintx ProfiledCodeHeapSize                     = 122909434                              {pd product} {ergonomic}
    uintx ReservedCodeCacheSize                    = 251658240                              {pd product} {ergonomic}
     bool SegmentedCodeCache                       = true                                      {product} {ergonomic}
     bool ShowCodeDetailsInExceptionMessages       = true                                   {manageable} {command line}
   size_t SoftMaxHeapSize                          = 4276092928                             {manageable} {ergonomic}
     bool UseCompressedClassPointers               = true                           {product lp64_product} {ergonomic}
     bool UseCompressedOops                        = true                           {product lp64_product} {ergonomic}
     bool UseG1GC                                  = true                                      {product} {ergonomic}
     bool UseLargePagesIndividualAllocation        = false                                  {pd product} {ergonomic}

Logging:
Log output configuration:
 #0: stdout all=warning uptime,level,tags foldmultilines=false
 #1: stderr all=off uptime,level,tags foldmultilines=false

Environment Variables:
PATH=C:\Program Files\Common Files\Oracle\Java\javapath;C:\Windows\system32;C:\Windows;C:\Windows\System32\Wbem;C:\Windows\System32\WindowsPowerShell\v1.0\;C:\Windows\System32\OpenSSH\;C:\Program Files\NVIDIA Corporation\NVIDIA NvDLISR;C:\Program Files (x86)\NVIDIA Corporation\PhysX\Common;C:\WINDOWS\system32;C:\WINDOWS;C:\WINDOWS\System32\Wbem;C:\WINDOWS\System32\WindowsPowerShell\v1.0\;C:\WINDOWS\System32\OpenSSH\;C:\Program Files\Git\cmd;C:\Users\jacob\Desktop\java\jdk-19.0.1\bin;C:\Users\jacob\AppData\Local\Programs\Microsoft VS Code\bin;C:\Users\jacob\AppData\Local\GitHubDesktop\bin
USERNAME=jacob
LANG=en_US.UTF-8
OS=Windows_NT
PROCESSOR_IDENTIFIER=AMD64 Family 23 Model 113 Stepping 0, AuthenticAMD
TMP=C:\Users\jacob\AppData\Local\Temp
TEMP=C:\Users\jacob\AppData\Local\Temp



---------------  S Y S T E M  ---------------

OS:
 Windows 10 , 64 bit Build 19041 (10.0.19041.3570)
OS uptime: 33 days 7:00 hours

CPU: total 12 (initial active 12) (12 cores per cpu, 2 threads per core) family 23 model 113 stepping 0 microcode 0x0, cx8, cmov, fxsr, ht, mmx, 3dnowpref, sse, sse2, sse3, ssse3, sse4a, sse4.1, sse4.2, popcnt, lzcnt, tsc, tscinvbit, avx, avx2, aes, clmul, bmi1, bmi2, adx, sha, fma, vzeroupper, clflush, clflushopt, rdtscp, rdpid

Memory: 4k page, system-wide physical 16310M (6751M free)
TotalPageFile size 45983M (AvailPageFile size 156M)
current process WorkingSet (physical memory assigned to process): 11M, peak: 11M
current process commit charge ("private bytes"): 64M, peak: 320M

vm_info: Java HotSpot(TM) 64-Bit Server VM (19.0.1+10-21) for windows-amd64 JRE (19.0.1+10-21), built on 2022-09-14T12:45:06Z by "mach5one" with MS VC++ 17.1 (VS2022)

END.
